<?xml version="1.0" encoding="UTF-8"?>
<!-- Generated by org.testng.reporters.JUnitReportReporter -->
<testsuite skipped="0" hostname="Anshuls-MacBook-Air.local" name="basic.rest.postcall.extractRequestResponse" tests="1" failures="0" timestamp="2021-04-15T21:37:56 IST" time="4.395" errors="0">
  <testcase name="extractResponse" time="4.395" classname="basic.rest.postcall.extractRequestResponse"/>
  <system-out/>
</testsuite> <!-- basic.rest.postcall.extractRequestResponse -->
