<?xml version="1.0" encoding="UTF-8"?>
<!-- Generated by org.testng.reporters.JUnitReportReporter -->
<testsuite skipped="0" hostname="Anshuls-MacBook-Air.local" name="basic.rest.getcall.verifyresponsetest" tests="2" failures="0" timestamp="2021-04-13T22:36:32 IST" time="5.252" errors="0">
  <testcase name="verifyResponseHeader" time="0.738" classname="basic.rest.getcall.verifyresponsetest"/>
  <system-out/>
  <testcase name="verifyResponseBody" time="4.514" classname="basic.rest.getcall.verifyresponsetest"/>
  <system-out/>
</testsuite> <!-- basic.rest.getcall.verifyresponsetest -->
