<?xml version="1.0" encoding="UTF-8"?>
<!-- Generated by org.testng.reporters.JUnitReportReporter -->
<testsuite skipped="0" hostname="Anshuls-MacBook-Air.local" name="basic.rest.postcall.deleteRequest" tests="2" failures="0" timestamp="2021-04-15T21:54:29 IST" time="6.415" errors="0">
  <testcase name="deleteRepo" time="0.719" classname="basic.rest.postcall.deleteRequest"/>
  <system-out/>
  <testcase name="createRepo" time="5.696" classname="basic.rest.postcall.deleteRequest"/>
  <system-out/>
</testsuite> <!-- basic.rest.postcall.deleteRequest -->
