<?xml version="1.0" encoding="UTF-8"?>
<!-- Generated by org.testng.reporters.JUnitReportReporter -->
<testsuite skipped="0" hostname="Anshuls-MacBook-Air.local" name="basic.rest.postcall.createGitHubRepo" tests="1" failures="0" timestamp="2021-04-14T22:17:50 IST" time="6.284" errors="0">
  <testcase name="createRepository" time="6.284" classname="basic.rest.postcall.createGitHubRepo"/>
  <system-out/>
</testsuite> <!-- basic.rest.postcall.createGitHubRepo -->
